<?xml version="1.0" encoding="UTF-8"?>
<!-- Generated by org.testng.reporters.JUnitXMLReporter -->
<testsuite ignored="0" hostname="NX00483" failures="1" tests="4" name="ChromeTest" time="25.858" errors="0" timestamp="2022-09-13T19:41:27 PKT">
  <testcase classname="Testcases_Package.ValidateLoginPage" name="TestcasetoVerifyLoginwith_CorrectUsernameandWrongPassword" time="0.785"/>
  <testcase classname="Testcases_Package.ValidateLoginPage" name="TestcasetoVerifyLoginwith_WrongUsernameandCorrectPassword" time="0.296">
    <failure type="java.lang.AssertionError" message="Failed expected [true] but found [false]">
      <![CDATA[java.lang.AssertionError: Failed expected [true] but found [false]
at Testcases_Package.ValidateLoginPage.TestcasetoVerifyLoginwith_WrongUsernameandCorrectPassword(ValidateLoginPage.java:67)
at java.base/java.util.concurrent.ThreadPoolExecutor.runWorker(ThreadPoolExecutor.java:1128)
at java.base/java.util.concurrent.ThreadPoolExecutor$Worker.run(ThreadPoolExecutor.java:628)
at java.base/java.lang.Thread.run(Thread.java:834)
... Removed 15 stack frames]]>
    </failure>
  </testcase> <!-- TestcasetoVerifyLoginwith_WrongUsernameandCorrectPassword -->
  <testcase classname="Testcases_Package.ValidateLoginPage" name="TestcasetoVerifyLoginwith_bothWrongUsernameandPassword" time="0.44"/>
  <testcase classname="Testcases_Package.ValidateLoginPage" name="TestcasetoVerifyLoginwithbothcorrectUsernameandPassword" time="0.862"/>
</testsuite> <!-- ChromeTest -->
