<?xml version="1.0" encoding="UTF-8"?>
<testsuite name="ChromeTest"
           tests="7"
           failures="1"
           errors="0"
           skipped="0"
           time="4.564">
  <properties />
            <testcase name="TestcasetoVerifyLoginwith_WrongUsernameandCorrectPassword" time="0.351" classname="Testcases_Package.ValidateLoginPage">
                <failure type="java.lang.AssertionError"
                  message="Failed expected [true] but found [false]"
              >
<![CDATA[java.lang.AssertionError: Failed expected [true] but found [false]
  org.testng.Assert.fail(Assert.java:99)
  org.testng.Assert.failNotEquals(Assert.java:1037)
  org.testng.Assert.assertTrue(Assert.java:45)
  Testcases_Package.ValidateLoginPage.TestcasetoVerifyLoginwith_WrongUsernameandCorrectPassword(ValidateLoginPage.java:69)
  java.base/jdk.internal.reflect.NativeMethodAccessorImpl.invoke0(Native Method)
  java.base/jdk.internal.reflect.NativeMethodAccessorImpl.invoke(NativeMethodAccessorImpl.java:62)
  java.base/jdk.internal.reflect.DelegatingMethodAccessorImpl.invoke(DelegatingMethodAccessorImpl.java:43)
  java.base/java.lang.reflect.Method.invoke(Method.java:566)
  org.testng.internal.MethodInvocationHelper.invokeMethod(MethodInvocationHelper.java:133)
  org.testng.internal.TestInvoker.invokeMethod(TestInvoker.java:598)
  org.testng.internal.TestInvoker.invokeTestMethod(TestInvoker.java:173)
  org.testng.internal.MethodRunner.runInSequence(MethodRunner.java:46)
  org.testng.internal.TestInvoker$MethodInvocationAgent.invoke(TestInvoker.java:824)
  org.testng.internal.TestInvoker.invokeTestMethods(TestInvoker.java:146)
  org.testng.internal.TestMethodWorker.invokeTestMethods(TestMethodWorker.java:146)
  org.testng.internal.TestMethodWorker.run(TestMethodWorker.java:128)
  java.base/java.util.concurrent.ThreadPoolExecutor.runWorker(ThreadPoolExecutor.java:1128)
  java.base/java.util.concurrent.ThreadPoolExecutor$Worker.run(ThreadPoolExecutor.java:628)
  java.base/java.lang.Thread.run(Thread.java:834)
]]>
      </failure>

          </testcase>
  
  
            <testcase name="TestcasetoVerifyLoginwithbothcorrectUsernameandPassword" time="0.502" classname="Testcases_Package.ValidateLoginPage" />
                <testcase name="TestcasetoVerifyLoginwith_CorrectUsernameandWrongPassword" time="2.172" classname="Testcases_Package.ValidateLoginPage" />
                <testcase name="TestcasetoVerifyLoginwith_bothWrongUsernameandPassword" time="0.366" classname="Testcases_Package.ValidateLoginPage" />
                <testcase name="TestcasetoVerifyLoginwithbothcorrectUsernameandPassword" time="0.385" classname="Testcases_Package.ValidateLoginPage" />
                <testcase name="TestcasetoVerifyLoginwithbothcorrectUsernameandPassword" time="0.393" classname="Testcases_Package.ValidateLoginPage" />
                <testcase name="TestcasetoVerifyLoginwithbothcorrectUsernameandPassword" time="0.395" classname="Testcases_Package.ValidateLoginPage" />
      
</testsuite>
